C51 COMPILER V9.01   MAIN                                                                  04/27/2015 22:59:21 PAGE 1   


C51 COMPILER V9.01, COMPILATION OF MODULE MAIN
OBJECT MODULE PLACED IN main.OBJ
COMPILER INVOKED BY: C:\Keil\C51\BIN\C51.EXE main.c BROWSE DEBUG OBJECTEXTEND

line level    source

   1          #include<reg51.h>
   2          #define OPEN 0
   3          #define LOCK 1
   4          void UsartConfiguration();
   5          sbit DOOR =P2^0;
   6          void main()
   7          {
   8   1              P1=0x00;
   9   1              UsartConfiguration();
  10   1              while(1)
  11   1              {
  12   2              }
  13   1      }
  14          
  15          void UsartConfiguration()
  16          {       
  17   1      
  18   1              SCON=0X50;                      //设置为工作方式1
  19   1              TMOD=0X20;                      //设置计数器工作方式2
  20   1              PCON=0X80;                      //波特率加倍
  21   1              TH1=0XF3;                   //计数器初始值设置，注意波特率是4800的
  22   1              TL1=0XF3;
  23   1              ES=1;                                           //打开接收中断
  24   1              EA=1;                                           //打开总中断
  25   1              TR1=1;                                      //打开计数器
  26   1      }
  27          
  28          void Usart() interrupt 4
  29          {
  30   1              unsigned char receiveData;
  31   1      
  32   1              receiveData=SBUF; //出去接收到的数据
  33   1              RI = 0;           //清除接收中断标志位
  34   1              //将接收到的数据放入到发送寄存器
  35   1              //P1=receiveData;
  36   1              if(0xff==receiveData)
  37   1              {
  38   2                DOOR=LOCK;
  39   2              }
  40   1              else{
  41   2                DOOR=OPEN;
  42   2              }
  43   1              SBUF=receiveData;
  44   1              while(!TI);               //等待发送数据完成
  45   1              TI=0;                     //清除发送完成标志位
  46   1      }


MODULE INFORMATION:   STATIC OVERLAYABLE
   CODE SIZE        =     62    ----
   CONSTANT SIZE    =   ----    ----
   XDATA SIZE       =   ----    ----
   PDATA SIZE       =   ----    ----
   DATA SIZE        =   ----    ----
   IDATA SIZE       =   ----    ----
C51 COMPILER V9.01   MAIN                                                                  04/27/2015 22:59:21 PAGE 2   

   BIT SIZE         =   ----    ----
END OF MODULE INFORMATION.


C51 COMPILATION COMPLETE.  0 WARNING(S),  0 ERROR(S)
